<?xml version="1.0" encoding="UTF-8"?>
<!-- Generated by org.testng.reporters.JUnitReportReporter -->
<testsuite hostname="AIPLLAP423" failures="0" tests="2" name="ecom.testcases.CartPageTest" time="46.208" errors="0" timestamp="2024-06-10T16:33:36 IST" skipped="0">
  <testcase classname="ecom.testcases.CartPageTest" name="Verify_Empty_Cart_Heading_Test" time="28.030"/>
  <system-out/>
  <testcase classname="ecom.testcases.CartPageTest" name="Verify_Empty_Cart_Items_Test" time="18.178"/>
  <system-out/>
</testsuite> <!-- ecom.testcases.CartPageTest -->
