<?xml version="1.0" encoding="UTF-8"?>
<!-- Generated by org.testng.reporters.JUnitReportReporter -->
<testsuite hostname="AIPLLAP423" failures="0" tests="4" name="ecom.testcases.SearchPageTest" time="49.840" errors="0" timestamp="2024-06-10T19:18:12 IST" skipped="0">
  <testcase classname="ecom.testcases.SearchPageTest" name="Verify_Page_Title_Test" time="12.320"/>
  <system-out/>
  <testcase classname="ecom.testcases.SearchPageTest" name="Verify_Logo_Test" time="12.218"/>
  <system-out/>
  <testcase classname="ecom.testcases.SearchPageTest" name="Verify_Product_On_Search_Page_Test" time="10.870"/>
  <system-out/>
  <testcase classname="ecom.testcases.SearchPageTest" name="Verify_Invali_Search_Functionality_Test" time="14.432"/>
  <system-out/>
</testsuite> <!-- ecom.testcases.SearchPageTest -->
