<?xml version="1.0" encoding="UTF-8"?>
<!-- Generated by org.testng.reporters.JUnitReportReporter -->
<testsuite hostname="AIPLLAP423" failures="0" tests="9" name="ecom.testcases.HomePageTest" time="182.448" errors="0" timestamp="2024-06-10T16:33:36 IST" skipped="0">
  <testcase classname="ecom.testcases.HomePageTest" name="Verify_Page_Home_Page_Title_Test" time="17.980"/>
  <system-out/>
  <testcase classname="ecom.testcases.HomePageTest" name="Verify_Home_Page_Logo_Test" time="7.029"/>
  <system-out/>
  <testcase classname="ecom.testcases.HomePageTest" name="Verify_Search_box_Test" time="27.408"/>
  <system-out/>
  <testcase classname="ecom.testcases.HomePageTest" name="Verify_Cart_Test" time="8.322"/>
  <system-out/>
  <testcase classname="ecom.testcases.HomePageTest" name="Verify_Navigation_Menu_Test" time="8.634"/>
  <system-out/>
  <testcase classname="ecom.testcases.HomePageTest" name="Verify_Home_Page_Image_Test" time="7.460"/>
  <system-out/>
  <testcase classname="ecom.testcases.HomePageTest" name="Validate_Search_Functionality" time="67.043"/>
  <system-out/>
  <testcase classname="ecom.testcases.HomePageTest" name="Verify_Product" time="30.741"/>
  <system-out/>
  <testcase classname="ecom.testcases.HomePageTest" name="Verify_Footer_Section_Test" time="7.831"/>
  <system-out/>
</testsuite> <!-- ecom.testcases.HomePageTest -->
