<?xml version="1.0" encoding="UTF-8"?>
<!-- Generated by org.testng.reporters.JUnitReportReporter -->
<testsuite hostname="AIPLLAP423" failures="0" tests="9" name="ecom.testcases.HomePageTest" time="105.090" errors="0" timestamp="2024-06-12T16:47:40 IST" skipped="0">
  <testcase classname="ecom.testcases.HomePageTest" name="Verify_Page_Home_Page_Title_Test" time="8.991"/>
  <system-out/>
  <testcase classname="ecom.testcases.HomePageTest" name="Verify_Home_Page_Logo_Test" time="7.926"/>
  <system-out/>
  <testcase classname="ecom.testcases.HomePageTest" name="Verify_Search_box_Test" time="8.968"/>
  <system-out/>
  <testcase classname="ecom.testcases.HomePageTest" name="Verify_Cart_Test" time="8.755"/>
  <system-out/>
  <testcase classname="ecom.testcases.HomePageTest" name="Verify_Navigation_Menu_Test" time="8.885"/>
  <system-out/>
  <testcase classname="ecom.testcases.HomePageTest" name="Verify_Home_Page_Image_Test" time="9.955"/>
  <system-out/>
  <testcase classname="ecom.testcases.HomePageTest" name="Validate_Search_Functionality" time="31.393"/>
  <system-out/>
  <testcase classname="ecom.testcases.HomePageTest" name="Verify_Product" time="10.367"/>
  <system-out/>
  <testcase classname="ecom.testcases.HomePageTest" name="Verify_Footer_Section_Test" time="9.850"/>
  <system-out/>
</testsuite> <!-- ecom.testcases.HomePageTest -->
