<?xml version="1.0" encoding="UTF-8"?>
<!-- Generated by org.testng.reporters.JUnitReportReporter -->
<testsuite hostname="AIPLLAP423" failures="0" tests="6" name="ecom.testcases.ProductDetailsPageTest" time="132.014" errors="0" timestamp="2024-06-10T16:33:36 IST" skipped="0">
  <testcase classname="ecom.testcases.ProductDetailsPageTest" name="Verify_Page_Title_Test" time="16.036"/>
  <system-out/>
  <testcase classname="ecom.testcases.ProductDetailsPageTest" name="Verify_Page_Logo_Test" time="15.786"/>
  <system-out/>
  <testcase classname="ecom.testcases.ProductDetailsPageTest" name="Verify_Searchbox_Test" time="14.446"/>
  <system-out/>
  <testcase classname="ecom.testcases.ProductDetailsPageTest" name="Verify_Cart_Test" time="15.156"/>
  <system-out/>
  <testcase classname="ecom.testcases.ProductDetailsPageTest" name="Verify_Navigation_Menu_Test" time="42.461"/>
  <system-out/>
  <testcase classname="ecom.testcases.ProductDetailsPageTest" name="Verify_Add_to_Cart_Functionality_Test" time="28.129"/>
  <system-out/>
</testsuite> <!-- ecom.testcases.ProductDetailsPageTest -->
