<?xml version="1.0" encoding="UTF-8"?>
<!-- Generated by org.testng.reporters.JUnitReportReporter -->
<testsuite hostname="AIPLLAP423" failures="0" tests="6" name="ecom.testcases.ProductDetailsPageTest" time="63.378" errors="0" timestamp="2024-06-11T16:58:04 IST" skipped="0">
  <testcase classname="ecom.testcases.ProductDetailsPageTest" name="Verify_Page_Title_Test" time="10.108"/>
  <system-out/>
  <testcase classname="ecom.testcases.ProductDetailsPageTest" name="Verify_Page_Logo_Test" time="10.323"/>
  <system-out/>
  <testcase classname="ecom.testcases.ProductDetailsPageTest" name="Verify_Searchbox_Test" time="9.792"/>
  <system-out/>
  <testcase classname="ecom.testcases.ProductDetailsPageTest" name="Verify_Cart_Test" time="10.245"/>
  <system-out/>
  <testcase classname="ecom.testcases.ProductDetailsPageTest" name="Verify_Navigation_Menu_Test" time="10.045"/>
  <system-out/>
  <testcase classname="ecom.testcases.ProductDetailsPageTest" name="Verify_Add_to_Cart_Functionality_Test" time="12.865"/>
  <system-out/>
</testsuite> <!-- ecom.testcases.ProductDetailsPageTest -->
