<?xml version="1.0" encoding="UTF-8"?>
<!-- Generated by org.testng.reporters.JUnitReportReporter -->
<testsuite hostname="AIPLLAP423" failures="0" tests="4" name="ecom.testcases.SearchPageTest" time="38.689" errors="0" timestamp="2024-06-11T16:58:04 IST" skipped="0">
  <testcase classname="ecom.testcases.SearchPageTest" name="Verify_Page_Title_Test" time="9.192"/>
  <system-out/>
  <testcase classname="ecom.testcases.SearchPageTest" name="Verify_Logo_Test" time="10.489"/>
  <system-out/>
  <testcase classname="ecom.testcases.SearchPageTest" name="Verify_Product_On_Search_Page_Test" time="9.103"/>
  <system-out/>
  <testcase classname="ecom.testcases.SearchPageTest" name="Verify_Invali_Search_Functionality_Test" time="9.905"/>
  <system-out/>
</testsuite> <!-- ecom.testcases.SearchPageTest -->
