<?xml version="1.0" encoding="UTF-8"?>
<!-- Generated by org.testng.reporters.JUnitReportReporter -->
<testsuite hostname="AIPLLAP423" failures="0" tests="5" name="ecom.testcases.CheckOutPageTest" time="119.878" errors="0" timestamp="2024-06-11T16:58:05 IST" skipped="0">
  <testcase classname="ecom.testcases.CheckOutPageTest" name="Check_Check_Out_Page_Title_Test" time="12.641"/>
  <system-out/>
  <testcase classname="ecom.testcases.CheckOutPageTest" name="CheckOutRequiredFieldValidationTest" time="25.071"/>
  <system-out/>
  <testcase classname="ecom.testcases.CheckOutPageTest" name="VerifyCheckOutFunctionalitywithNagativeValueTest" time="27.243"/>
  <system-out/>
  <testcase classname="ecom.testcases.CheckOutPageTest" name="VerifyCheckOutFunctionalitywithNagativeValueTest" time="27.671"/>
  <system-out/>
  <testcase classname="ecom.testcases.CheckOutPageTest" name="VerifyCheckOutFunctionalitywithNagativeValueTest" time="27.252"/>
  <system-out/>
</testsuite> <!-- ecom.testcases.CheckOutPageTest -->
