<?xml version="1.0" encoding="UTF-8"?>
<!-- Generated by org.testng.reporters.JUnitReportReporter -->
<testsuite hostname="AIPLLAP423" failures="0" tests="2" name="ecom.testcases.CartPageTest" time="78.411" errors="0" timestamp="2024-06-10T19:18:12 IST" skipped="0">
  <testcase classname="ecom.testcases.CartPageTest" name="Verify_Empty_Cart_Heading_Test" time="20.282"/>
  <system-out/>
  <testcase classname="ecom.testcases.CartPageTest" name="Verify_Empty_Cart_Items_Test" time="58.129"/>
  <system-out/>
</testsuite> <!-- ecom.testcases.CartPageTest -->
