<?xml version="1.0" encoding="UTF-8"?>
<!-- Generated by org.testng.reporters.JUnitReportReporter -->
<testsuite hostname="AIPLLAP423" failures="0" tests="8" name="ecom.testcases.AddtoCartPageTest" time="170.240" errors="0" timestamp="2024-06-10T19:18:12 IST" skipped="0">
  <testcase classname="ecom.testcases.AddtoCartPageTest" name="Verify_Page_Title_Test" time="16.790"/>
  <system-out/>
  <testcase classname="ecom.testcases.AddtoCartPageTest" name="Verify_Page_Logo_Test" time="16.501"/>
  <system-out/>
  <testcase classname="ecom.testcases.AddtoCartPageTest" name="Verify_Searchbox_Test" time="12.524"/>
  <system-out/>
  <testcase classname="ecom.testcases.AddtoCartPageTest" name="Verify_CartPage_Text_Test" time="18.307"/>
  <system-out/>
  <testcase classname="ecom.testcases.AddtoCartPageTest" name="Verify_Navigation_Menu_Test" time="28.649"/>
  <system-out/>
  <testcase classname="ecom.testcases.AddtoCartPageTest" name="Verify_Cart_Qty_Increase_Test" time="17.779"/>
  <system-out/>
  <testcase classname="ecom.testcases.AddtoCartPageTest" name="Verify_Cart_Decrease_Qty_Test" time="37.337"/>
  <system-out/>
  <testcase classname="ecom.testcases.AddtoCartPageTest" name="Click_on_Checkout_button_Test" time="22.353"/>
  <system-out/>
</testsuite> <!-- ecom.testcases.AddtoCartPageTest -->
