<?xml version="1.0" encoding="UTF-8"?>
<!-- Generated by org.testng.reporters.JUnitReportReporter -->
<testsuite hostname="AIPLLAP423" failures="0" tests="5" name="ecom.testcases.CheckOutPageTest" time="232.176" errors="0" timestamp="2024-06-10T19:18:12 IST" skipped="0">
  <testcase classname="ecom.testcases.CheckOutPageTest" name="Check_Check_Out_Page_Title_Test" time="73.671"/>
  <system-out/>
  <testcase classname="ecom.testcases.CheckOutPageTest" name="CheckOutRequiredFieldValidationTest" time="42.900"/>
  <system-out/>
  <testcase classname="ecom.testcases.CheckOutPageTest" name="VerifyCheckOutFunctionalitywithNagativeValueTest" time="36.577"/>
  <system-out/>
  <testcase classname="ecom.testcases.CheckOutPageTest" name="VerifyCheckOutFunctionalitywithNagativeValueTest" time="33.013"/>
  <system-out/>
  <testcase classname="ecom.testcases.CheckOutPageTest" name="VerifyCheckOutFunctionalitywithNagativeValueTest" time="46.015"/>
  <system-out/>
</testsuite> <!-- ecom.testcases.CheckOutPageTest -->
