<?xml version="1.0" encoding="UTF-8"?>
<!-- Generated by org.testng.reporters.JUnitReportReporter -->
<testsuite hostname="AIPLLAP423" failures="0" tests="9" name="ecom.testcases.HomePageTest" time="120.750" errors="0" timestamp="2024-06-10T19:18:12 IST" skipped="0">
  <testcase classname="ecom.testcases.HomePageTest" name="Verify_Page_Home_Page_Title_Test" time="13.161"/>
  <system-out/>
  <testcase classname="ecom.testcases.HomePageTest" name="Verify_Home_Page_Logo_Test" time="9.388"/>
  <system-out/>
  <testcase classname="ecom.testcases.HomePageTest" name="Verify_Search_box_Test" time="10.848"/>
  <system-out/>
  <testcase classname="ecom.testcases.HomePageTest" name="Verify_Cart_Test" time="9.952"/>
  <system-out/>
  <testcase classname="ecom.testcases.HomePageTest" name="Verify_Navigation_Menu_Test" time="9.160"/>
  <system-out/>
  <testcase classname="ecom.testcases.HomePageTest" name="Verify_Home_Page_Image_Test" time="9.554"/>
  <system-out/>
  <testcase classname="ecom.testcases.HomePageTest" name="Validate_Search_Functionality" time="35.369"/>
  <system-out/>
  <testcase classname="ecom.testcases.HomePageTest" name="Verify_Product" time="12.876"/>
  <system-out/>
  <testcase classname="ecom.testcases.HomePageTest" name="Verify_Footer_Section_Test" time="10.442"/>
  <system-out/>
</testsuite> <!-- ecom.testcases.HomePageTest -->
